1000270261
1000270262
1000270263
1000270264
1000270265
1000270266
1000270267
1000270268
1000270269
1000270270
1000270271
1000270272
1000270273
1000270274
1000270275
1000270276
1000270277
1000270278
1000270279
1000270280
1000270281
1000270282
1000270283
1000270284
1000270285
1000270286
1000270287
1000270288
1000270289
1000270290
1000270291
1000270292
1000270293
1000270294
1000270295
1000270296
1000270297
1000270298
1000270299
1001598003
1001598004
1001598005
1001598006
1001598007
1001598008
1001598009
1001598010
1001598011
1001598012
1001598013
1001598014
1001598015
1001598016
1001598017
1001598018
1001598019
1001598020
1001598021
1001598022
1001598023
1001615481
1001615482
1001615483
1001615484
1001615485
1001615486
1001615487
1001615488
1001615489
1001615490
1001615491
1001615492
1001615493
1001615494
1001615495
1001615496
1001615497
1001615498
1001615499
1001615500
1001615501
1001615502
1001615503
1001615504
1001615505
1001615506
1001615507
1001615508
1001615509
1001615510
1001615511
1001615512
1001615513
1001615514
1001615515
1001710474
1001710475
1001710476
1001710477
1001710478
1001710479
1001710480
1001710481
1001710482
1001710483
1001710484
1001710485
1001710486
1001710487
1001710488
1001710489
1001710490
1001710491
1001710492
1001764198
1001764199
1001764200
1001764201
1001764202
1001764203
1001764204
1001764205
1001764206
1001764207
1001764208
1001764209
1001764210
1001764211
1001764212
1001764213
1001764214
1001764215
1001764216
1001765299
1001765300
1001765301
1001765302
1001765303
1001765304
1001765305
1001765306
1001765307
1001765308
1001765309
1001765310
1001765311
1001765312
1001765313
1001765314
1001946080
1001946081
1001946082
1001946083
1001946084
1001946085
1001946086
1001946087
1001946088
1001946089
1001946090
1001946091
1001946092
1001946093
1001946094
1001946095
1001946096
1001946097
1001946098
1001946099
1001946100
1001946101
1001946102
1001946103
1002058135
1002058136
1002058137
1002058138
1002058139
1002058140
1002058141
1002058142
1002058143
1002058144
1002058145
1002058146
1002058147
1002058148
1002058149
1002058150
1002058151
1002058152
1002058820
1002058821
1002058822
1002058823
1002058824
1002058825
1002058826
1002058827
1002058828
1002058829
1002058830
1002058831
1002058832
1002058833
1002058834
1002058835
1002058836
1002058837
1002058838
1002058839
1002058840
1002058841
1002058842
1002058843
1002058844
1002058845
1002058846
1002058847
1002058848
1002058849
1002058850
1002058851
1002058852
1002058853
1002058854
1002058855
1002322599
1002322600
1002322601
1002322602
1002322603
1002322604
1002322605
1002322606
1002322607
1002322608
1002322609
1002322610
1002322611
1002322612
1002322613
1002322614
1002322615
1002322616
1002322617
1002323121
1002323122
1002323123
1002323124
1002323125
1002323126
1002323127
1002323128
1002323129
1002323130
1002323131
1002323132
1002323133
1002323134
1002323135
1002323136
1002323137
1002660588
1002660589
1002660590
1002660591
1002660592
1002660593
1002660594
1002660595
1002660596
1002660597
1002660598
1002660599
1002660600
1002660601
1002660602
1002660603
1002660604
1002660605
1002660606
1002660607
1002661173
1002661174
1002661175
1002661176
1002661177
1002661178
1002661179
1002661180
1002661181
1002661182
1002661183
1002661184
1002661185
1002661186
1002661187
1002661188
1002952500
1002952501
1002952502
1002952503
1002952504
1002952505
1002952506
1002952507
1002952508
1002952509
1002952510
1002952511
1002952512
1002952513
1002952514
1002952515
1002952516
1002952517
1002953100
1002953101
1002953102
1002953103
1002953104
1002953105
1002953106
1002953107
1002953108
1002953109
1002953110
1002953111
1002953112
1002953113
1002953114
1002953115
1002953116
1002953117
1002953118
1003738149
1003738150
1003738151
1003738152
1003738153
1003738154
1003738155
1003738156
1003738157
1003738158
1003738159
1003738160
1003738802
1003738803
1003738804
1003738805
1003738806
1003738807
1003738808
1003738809
1005110796
1005110797
1005110798
1005110799
1005110800
1005110801
1005110802
1005110803
1005110804
1005110805
1005110806
1005110807
1005110808
1005110809
1005110810
1005110811
1005110812
1005110813
1005110814
1005110815
1005110816
1005110817
1005110818
1005110819
1005110820
1005429216
1005429217
1005429218
1005429219
1005429220
1005429221
1005429222
1005429223
1005429224
1005429225
1005429226
1005429227
1005429228
1005429229
1005429230
1005429231
1005429232
1005429233
1005429234
1005429235
1005429236
1005429237
1005429238
1005429239
1005429240
1005429241
1005429242
1005429243
1005429244
1005429245
1005429246
1005429247
1005429248
1005429249
1005429250
1005429251
1005429252
1005429253
1005429254
1005526995
1005526996
1005526997
1005526998
1005526999
1005527000
1005527001
1005527002
1005527003
1005527004
1005527005
1005527006
1005527007
1005527008
1005527009
1005527010
1005527011
1005527012
1005527013
1005527014
1005527015
1005527016
1005527017
1005527018
1005527019
1005527020
1005933237
1005933238
1005933239
1005933240
1005933241
1005933242
1005933243
1005933244
1005933245
1005933246
1005933247
1005933248
1005933249
1005933250
1007683881
1007683882
1007683883
1007683884
1007683885
1007683886
1007683887
1007683888
1007683889
1007683890
1007683891
1007683892
1007683893
1007683894
1007683895
1007683896
1007683897
1007683898
1007683899
1007683900
1007683901
1007683902
1007683903
1007683904
1007683905
1007683906
1007683907
1007683908
1007683909
1007683910
1007683911
1007683912
1007683913
1007683914
1007683915
1007683916
1007683917
1007683918
1007683919
1007683920
1010924894
1010924895
1010924896
1010924897
1010924898
1010924899
1010924900
1010924901
1010924902
1010924903
1010924904
1010924905
1010924906
1010924907
1010924908
1010924909
1010924910
1010924911
1010924912
1010924913
1010924914
1010924915
1010924916
1010924917
1010924918
1010924919
1010924920
1010924921
1010924922
1010924923
1010924924
1010924925
1010924926
1010924927
1010924928
1010924929
1010924930
1010924931
1010924932
1010930353
1010930354
1010930355
1010930356
1010930357
1010930358
1010930359
1010930360
1010930361
1010930362
1010930363
1010930364
1010930365
1010930366
1010930367
1010930368
1010930369
1010930370
1010930371
1010930372
1011628612
1011628613
1011628614
1011628615
1011628616
1011628617
1011628618
1011628619
1011628620
1011628621
1011628622
1011628623
1011628624
1011628625
1011628626
1011628627
1011628628
1011628629
1011628630
1011628631
1012943739
1012943740
1012943741
1012943742
1012943743
1012943744
1012943745
1012943746
1012943747
1012943748
1012943749
1012943750
1012943751
1012943752
1012943753
1012943754
1012943755
1012943756
1012943757
1012943758
1012943759
1012943760
1012943761
1012943762
1012943763
1012943764
1012943765
1012943766
1012943767
1012943768
1012943769
1012943770
1012943771
1012943772
1012943773
1012943774
1012943775
1012943776
1012943777
1012945612
1012945613
1012945614
1012945615
1012945616
1012945617
1012945618
1012945619
1012945620
1012945621
1012945622
1012945623
1012945624
1012945625
1012945626
1012945627
1012945628
1012945629
1012945630
1012945631
1012945632
1012945633
1012945634
1012945635
1012945636
1012945637
1012945638
1012945639
1012945640
1012945641
1012945642
1012945643
1012945644
1012945645
1012945646
1012945647
1012945648
1012945649
1012945650
1012947484
1012947485
1012947486
1012947487
1012947488
1012947489
1012947490
1012947491
1012947492
1012947493
1012947494
1012947495
1012947496
1012947497
1012947498
1012947499
1012947500
1012947501
1012947502
1012947503
1012947504
1012947505
1012947506
1012947507
1012947508
1012947509
1012947510
1012947511
1012947512
1012947513
1012947514
1012947515
1012947516
1012947517
1012947518
1012947519
1012947520
1012947521
1012947522
1029514450
1029514451
1029514452
1029514453
1029514454
1029514455
1029514456
1029514457
1029514458
1029514459
1029514460
1029514461
1029514462
1029514463
1029514464
1029514465
1029514466
1029514467
1029514468
1029514469
1029514470
1029514471
1029514472
1029514473
1029514474
1029514475
1029514476
1029514477
1029514478
1029514479
1029514480
1029514481
1029514482
1029514483
1029514484
1029514485
1029514486
1029514487
1029514488
1029514489
1030068077
1030068078
1030068079
1030068080
1030068081
1030068082
1030068083
1030068084
1030068085
1030068086
1030068087
1030068088
1030068089
1030068090
1030068091
1030068092
1030068093
1030068094
1030068095
1030068096
1037498589
1037498590
1037498591
1037498592
1037498593
1037498594
1037498595
1037498596
1037498597
1037498598
1037498599
1037498600
1037498601
1037498602
1037498603
1037498604
1080285376
1080285377
1080285378
1080285379
1080285380
1080285381
1080285382
1080285383
1080285384
1080285385
1080285386
1080285387
1080285388
1080285389
1082827936
1082827937
1082827938
1082827939
1082827940
1082827941
1082827942
1082827943
1082827944
1082827945
1082827946
1082827947
1082827948
1082827949
1082827950
1082827951
1082827952
1082829656
1082829657
1082829658
1082829659
1082829660
1082829661
1082829662
1082829663
1082829664
1082829665
1082829666
1082829667
1082829668
1082829669
1082829670
1082829671
1082829672
1082829673
1082829674
1082829675
1082830870
1082830871
1082830872
1082830873
1082830874
1082830875
1082830876
1082830877
1082830878
1082830879
1082830880
1082830881
1082830882
1082830883
1082830884
1082830885
1082830886
1082830887
1082830888
1082830889
1082832894
1082832895
1082832896
1082832897
1082832898
1082832899
1082832900
1082832901
1082832902
1082832903
1082832904
1082832905
1082832906
1082832907
1082832908
1082832909
1082832910
1082832911
1082832912
1082832913
1082832914
1082832915
1082832916
1082832917
1082832918
1082832919
1082832920
1082832921
1082832922
1082832923
1082832924
1082832925
1082832926
1082832927
1082832928
1082832929
1082832930
1082832931
1082832932
1082832933
1082832934
1082832935
1082832936
1093055802
1093055803
1093055804
1093055805
1093055806
1093055807
1093055808
1093055809
1093055810
1093055811
1093055812
1093055813
1093055814
1093055815
1093055816
1093055817
1093055818
1093055819
1093056630
1093056631
1093056632
1093056633
1093056634
1093056635
1093056636
1093056637
1093056638
1093056639
1093056640
1093056641
1093056642
1093056643
1093056644
1093056645
1093056646
1093056647
1093056648
1093056649
1115324636
1115324637
1115324638
1115324639
1115326199
1115326200
1115326201
1115326202
1115326203
1115326204
1115330092
1115330093
1115330094
1115331656
1115331657
1115331658
1115331659
1115331660
1115331661
1115331662
1115331875
1115331876
1115331877
1115331878
1115331879
1115331880
1115331881
1115331894
1115331895
1115331896
1115331897
1115331898
1115331899
1115332230
1115332231
1115332232
1115332233
1115332234
1115332602
1115332603
1115346371
1115346372
1115346373
1115346374
1115346375
1115346376
1115346377
1115346378
1115346379
1115346380
1115346381
1115346382
1115346383
1115346384
1115346385
1115346386
1115346387
1115346388
1115346389
1115346390
1115363470
1115363471
1115363472
1115363473
1115363474
1115363475
1115363476
1115363774
1115363775
1115363776
1115363777
1115363778
1115384605
1115384606
1115384607
1115384608
1115384609
1115384610
1115384611
1115384612
1115384613
1115384614
1115384615
1115384616
1115384617
1115384618
1115384619
1115384620
1115384621
1115384622
1115384623
1115384624
1115409062
1115409063
1115409064
1115409065
1115409066
1115409067
1115409068
1115409069
1115409070
1115409071
1400335226
1400335227
1400335228
1400335229
1400335230
1400335231
1400335232
1400335233
1400335234
1400335235
1400335236
1400335237
1400335238
1400335239
1400335448
1400335449
1400335450
1400335451
1400335452
1400335453
1400335454
1400335455
1400335456
1400335457
1400335458
1400335459
1400335460
1400335461
1400335462
1400335463
1400335464
1500884609
1500884610
1500884611
1500884612
1500884613
1500884614
1500884615
1500884616
1500884617
1500884618
1500884619
1500884620
1500884621
1500884622
1500884623
1500884624
1500884625
1500884626
1500884627
1500884628
1500884629
1500884630
1500884631
1500884632
1500884633
1500884634
1500884635
1500884636
1500884637
1500884638
1500884639
1500884640
1500884641
1502880138
1502880139
1502880140
1502880141
1502880142
1502880143
1502880144
1502880145
1502880146
1502880147
1502880148
1502880149
1502880150
1502880151
1502880152
1502880153
1502880154
1502880155
1502880156
1502880157
1502880158
1502880159
1502880160
1502880161
1502880162
1502880163
1502880164
1502880165
1502880166
1502880167
1905360553
1905360554
1905360555
1905360556
1905360557
1905360558
1905360559
1905360560
1905360561
1905360562
1905360563
1905360564
1905360565
1905360566
1905360567
1905360568
1905360569
1905360570
1905360571
1905360572
1905360573
1905360574
1905360575
1905360576
1905360577
1905360578
1905360579
1905360580
1905360581
1905360582
1905360583
1905360584
1905360585
1905361700
1905361701
1905361702
1905361703
1905361704
1905361705
1905361706
1905361707
1905361708
1905361709
1905361710
1905361711
1905361712
1905361713
1905361714
1905361715
1905361716
1905361717
1905361718
1905361719
1905361720
1905361721
1905361722
1905361723
1905361724
1905361725
1905361726
1905361727
1905361728
1905380482
1905380483
1905380484
1905380485
1905380486
1905380487
1905380488
1905380489
1905380490
1905380491
1905380492
1905380493
1905380494
1905380495
1905380496
1905380497
1905380498
1905380499
1905380500
1905380501
1905382478
1905382479
1905382480
1905382481
1905382482
1905382483
1905382484
1905382485
1905382486
1905382487
1905382488
1905382489
1905382490
1905382491
1905382492
1905382493
1905382494
1905382495
1905382496
1905382497
1905382498
1905382499
1905382500
1905382501
1905382502
1905382503
1905382504
1905382505
1905382506
1905382507
1905382508
1905382509
1905382510
1905382511
1905382512
1905382513
1905382514
1905382515
1905382516
1905382517
1905383053
1905383054
1905383055
1905383056
1905383057
1905383058
1905383059
1905383060
1905383061
1905383062
1905383063
1905383064
1905383065
1905383066
1905383067
1905383068
1905383069
1905383070
1905383071
1905383072
1905383073
1905383074
1905383075
1905383076
1905383077
1905383078
1905383079
1905383080
1905383081
1905383082
1905383083
1905383084
1905383085
